<?xml version="1.0" encoding="UTF-8"?>
<!-- Generated by org.testng.reporters.JUnitXMLReporter -->
<testsuite ignored="0" hostname="Admin-PC" failures="0" tests="10" name="Test" time="0.209" errors="0" timestamp="28 Jan 2021 18:19:44 GMT">
  <testcase classname="com.testingshastra.utilities.SignupTests" name="m1" time="0.026"/>
  <testcase classname="com.testingshastra.utilities.SignupTests" name="m2" time="0.004"/>
  <testcase classname="com.testingshastra.utilities.SignupTests" name="m3" time="0.006"/>
  <testcase classname="com.testingshastra.utilities.SignupTests" name="m4" time="0.01"/>
  <testcase classname="com.testingshastra.utilities.SignupTests" name="m5" time="0.01"/>
  <testcase classname="com.testingshastra.utilities.LoginTests" name="m1" time="0.005"/>
  <testcase classname="com.testingshastra.utilities.LoginTests" name="m2" time="0.002"/>
  <testcase classname="com.testingshastra.utilities.LoginTests" name="m3" time="0.005"/>
  <testcase classname="com.testingshastra.utilities.LoginTests" name="m4" time="0.003"/>
  <testcase classname="com.testingshastra.utilities.LoginTests" name="m5" time="0.002"/>
</testsuite> <!-- Test -->
